parameter file: parqpBound
### THE INPUT PARAMETERS
##PARAMETER NAME: VALUE
DIR: ../data/
SSS: allmap
indivname: ../data//allmap.ind
snpname: ../data//allmap.snp
genotypename: ../data//allmap.geno
popfilename: list_qpBound
outpop: Yoruba
## qpBound version: 120
packed geno read OK
nplist: 6
 French  Japanese  Uygur  -0.025170  -66.384     0.447     0.531
 French       Han  Uygur  -0.025172  -67.090     0.437     0.527
Russian  Japanese  Uygur  -0.021377  -59.897     0.544     0.587
Russian       Han  Uygur  -0.021403  -58.920     0.533     0.583
Italian  Japanese  Uygur  -0.025345  -64.880     0.422     0.521
Italian       Han  Uygur  -0.025102  -62.757     0.411     0.520
##end of qpBound
