parameter file: parqp3Pop
### THE INPUT PARAMETERS
##PARAMETER NAME: VALUE
DIR: ../data/
SSS: allmap
indivname: ../data//allmap.ind
snpname: ../data//allmap.snp
genotypename: ../data//allmap.geno
popfilename: list_qp3Pop
## qp3Pop version: 300
packed geno read OK
nplist: 6
number of blocks for block jackknife: 711
snps: 621038
                      Source 1             Source 2               Target           f_3       std. err           Z    SNPs
 result:                French             Japanese                Uygur     -0.025170       0.000379     -66.384  428873
 result:                French                  Han                Uygur     -0.025172       0.000375     -67.090  429972
 result:               Russian             Japanese                Uygur     -0.021377       0.000357     -59.897  428523
 result:               Russian                  Han                Uygur     -0.021403       0.000363     -58.920  429573
 result:               Italian             Japanese                Uygur     -0.025345       0.000391     -64.880  424716
 result:               Italian                  Han                Uygur     -0.025102       0.000400     -62.757  425595
##end of qp3Pop
