### lines added as comments by Nick
qpAdm: parameter file: parqpAdm
### THE INPUT PARAMETERS
##PARAMETER NAME: VALUE
DIR: ../data
S1: qpdata
indivname: ../data/qpdata.ind
snpname: ../data/qpdata.snp
genotypename: ../data/qpdata.geno
popleft: left1
popright: right1
details: YES      
## qpAdm version: 352
packed geno read OK
end of inpack

left pops:
Corded_Ware_LN
WHG
LBK_EN
Yamnaya

right pops:
Han
Eskimo
Mbuti
Karitiana
Ulchi

  0       Corded_Ware_LN    4
  1                  WHG    2
  2               LBK_EN   12
  3              Yamnaya    9
  4                  Han   33
  5               Eskimo   22
  6                Mbuti   10
  7            Karitiana   12
  8                Ulchi   25
jackknife block size:     0.050
snps: 354212  indivs: 129
number of blocks for block jackknife: 710
dof (jackknife):   606.426
numsnps used: 351683
codimension 1
f4info: 
f4rank: 2 dof:      2 chisq:     0.536 tail:          0.764859564 dofdiff:      4 chisqdiff:    -0.536 taildiff:                    1
### this is line for 
B:
          scale     1.000     1.000 
         Eskimo     1.021     0.540 
          Mbuti    -0.990     1.738 
      Karitiana     1.387     0.831 
          Ulchi     0.233     0.001 
A:
          scale  1205.754  3115.503 
            WHG    -0.476    -1.556 
         LBK_EN    -1.581     0.634 
        Yamnaya     0.523     0.421 


full rank
f4info: 
f4rank: 3 dof:      0 chisq:     0.000 tail:                    1 dofdiff:      2 chisqdiff:     0.536 taildiff:          0.764859564
### taildiff:  is p-value for corank 1 against full rank (LRT).  If very small qpAdm model is likely incorrect.
B:
          scale     1.000     1.000     1.000 
         Eskimo     0.988     0.490     1.642 
          Mbuti    -0.992     1.730     0.100 
      Karitiana     1.409     0.875    -1.116 
          Ulchi     0.231    -0.005     0.218 
A:
          scale  1196.552  3119.151 29992.158 
            WHG    -0.492    -1.570     0.542 
         LBK_EN    -1.584     0.614     0.339 
        Yamnaya     0.499     0.399     1.610 


best coefficients:     0.228     0.140     0.632 

### CW = .228 WHG + .140 LBK_EN + .632 Yamnaya is best model
ssres:
    0.000046129     0.000008872    -0.000072290     0.000004983 
    1.068348230     0.205472447    -1.674245198     0.115395622 

Jackknife mean:      0.224241123     0.142160839     0.633598038 
      std. errors:     0.156     0.089     0.098 

### std. errors are NOT independent

error covariance (* 1000000)
     24258     -11342     -12916 
    -11342       7951       3391 
    -12916       3391       9526 


    fixed pat  wt  dof     chisq       tail prob
          000  0     2     0.536         0.76486     0.228     0.140     0.632 
          001  1     3    14.811               0     1.291    -0.291     0.000  infeasible
          010  1     3     2.767        0.428944     0.436     0.000     0.564 
          100  1     3     2.710        0.438595     0.000     0.246     0.754 
          011  2     4    19.817     0.000542598     1.000    -0.000     0.000 
          101  2     4   168.302               0     0.000     1.000     0.000 
          110  2     4    22.430     0.000164556     0.000    -0.000     1.000 
best pat:          000          0.76486              -  -
best pat:          100         0.438595  chi(nested):     2.173 p-value for nested model:        0.140407
best pat:          011      0.000542598  chi(nested):    17.108 p-value for nested model:     3.53172e-05

## 100 (WHG dropped is fine model, but no model dropping 2 sources is much use. 

coeffs:     0.228     0.140     0.632 
details:             WHG          Eskimo    -0.000623   -3.409522
details:          LBK_EN          Eskimo    -0.001193   -8.378403
details:         Yamnaya          Eskimo     0.000563    4.139291
dscore:          Eskimo f4:     0.000046 Z:     0.364543

### Look at f4(CW, X; Han, Eskimo) where X is from leftpops.  dscore is Z score for weighted sum   (fitted model)

details:             WHG           Mbuti    -0.000461   -1.503609
details:          LBK_EN           Mbuti     0.001655    7.167962
details:         Yamnaya           Mbuti    -0.000187   -0.814624
dscore:           Mbuti f4:     0.000009 Z:     0.042347

details:             WHG       Karitiana    -0.001040   -3.869928
details:          LBK_EN       Karitiana    -0.001706   -8.173287
details:         Yamnaya       Karitiana     0.000640    3.215214
dscore:       Karitiana f4:    -0.000072 Z:    -0.399554

details:             WHG           Ulchi    -0.000088   -0.749233
details:          LBK_EN           Ulchi    -0.000304   -3.623063
details:         Yamnaya           Ulchi     0.000107    1.230690
dscore:           Ulchi f4:     0.000005 Z:     0.064000

## end of run
