parameter file: parqpF4ratio
### THE INPUT PARAMETERS
##PARAMETER NAME: VALUE
DIR: ../data/
SSS: allmap
indivname: ../data//allmap.ind
snpname: ../data//allmap.snp
genotypename: ../data//allmap.geno
popfilename: list_qpF4ratio
## qpF4ratio version: 300
packed geno read OK
nplist: 2
  0               Yoruba   21
  1               Papuan   12
  2                Uygur    9
  3                  Han   32
  4               French   26
  5               Adygei   15
jackknife block size:     0.050
snps: 621038  indivs: 115
number of blocks for block jackknife: 711
                                                                                                           alpha     std. err  Z (null=0)
 result:     Yoruba     Papuan      Uygur        Han  :     Yoruba     Papuan     French        Han     0.467437     0.015800     29.585
 result:     Yoruba     Adygei      Uygur        Han  :     Yoruba     Adygei     French        Han     0.474091     0.011546     41.060
## end of run
