
## rolloff.  Version 1002

parameter file: parRolloff.qpdata

## rolloff.  Version 1002

parameter file: parRolloff.panel1
DIR: ../data
SSS: panel1
indivname: ../data/panel1.ind
snpname: ../data/panel1.snp
genotypename: ../data/panel1.geno
poplistname: rolloff.ref
admixlist: rolloff.target
binsize: .001
output: panel1
maxdis: 0.4
seed: 77
runmode: 1
mincount: 4
minparentcount: 0
jackknife: YES
checkmap: NO
seed: 77
chithresh:     6.000
genotypename:  ../data/panel1.geno
packed geno read OK
valid snps: 111970
group 0 French
group 1 Han
number admixed: 9 number of references: 2
numsnps: 111970  numindivs: 68
starting main loop. numsnps: 107843
